#
# A fatal error has been detected by the Java Runtime Environment:
#
#  Internal Error (constantPool.cpp:1351), pid=1436, tid=4356
#  Error: ShouldNotReachHere()
#
# JRE version: Java(TM) SE Runtime Environment (8.0-b132) (build 1.8.0-b132)
# Java VM: Java HotSpot(TM) 64-Bit Server VM (25.0-b70 mixed mode windows-amd64 compressed oops)
# Failed to write core dump. Minidumps are not enabled by default on client versions of Windows
#
# If you would like to submit a bug report, please visit:
#   http://bugreport.sun.com/bugreport/crash.jsp
#

---------------  T H R E A D  ---------------

Current thread (0x0000000007d1f800):  JavaThread "JDWP Transport Listener: dt_shmem" daemon [_thread_in_vm, id=4356, stack(0x0000000009270000,0x0000000009370000)]

Stack: [0x0000000009270000,0x0000000009370000]
Native frames: (J=compiled Java code, j=interpreted, Vv=VM code, C=native code)
V  [jvm.dll+0x308e0a]
V  [jvm.dll+0x25df11]
V  [jvm.dll+0x25eb2f]
V  [jvm.dll+0x256632]
V  [jvm.dll+0xe654b]
V  [jvm.dll+0x1b1632]
V  [jvm.dll+0x1b41ea]
V  [jvm.dll+0x1b51eb]
V  [jvm.dll+0x1b5b12]
V  [jvm.dll+0x228740]
V  [jvm.dll+0x18de01]
V  [jvm.dll+0x3212b4]
C  [jdwp.dll+0x9e6b]
C  [jdwp.dll+0xf09c]
C  [jdwp.dll+0x1f2c9]
C  [jdwp.dll+0x1f49e]
V  [jvm.dll+0x1a7148]
V  [jvm.dll+0x2232e4]
V  [jvm.dll+0x27baea]
C  [msvcr100.dll+0x21d9f]
C  [msvcr100.dll+0x21e3b]
C  [KERNEL32.DLL+0x16ad]
C  [ntdll.dll+0x54409]


---------------  P R O C E S S  ---------------

Java Threads: ( => current thread )
  0x000000000c359800 JavaThread "TimerQueue" daemon [_thread_blocked, id=3812, stack(0x000000000e1a0000,0x000000000e2a0000)]
  0x000000000c337000 JavaThread "D3D Screen Updater" daemon [_thread_blocked, id=3988, stack(0x000000000d600000,0x000000000d700000)]
  0x0000000009b2b800 JavaThread "org.netbeans.modules.debugger.jpda.visual AWT Access Loop" daemon [_thread_blocked, id=1756, stack(0x000000000a4e0000,0x000000000a5e0000)]
  0x0000000001f6d800 JavaThread "DestroyJavaVM" [_thread_blocked, id=7108, stack(0x0000000001f70000,0x0000000002070000)]
  0x0000000009b1d000 JavaThread "AWT-EventQueue-0" [_thread_blocked, id=2460, stack(0x000000000a3e0000,0x000000000a4e0000)]
  0x00000000099ba800 JavaThread "AWT-Windows" daemon [_thread_in_native, id=2112, stack(0x000000000a160000,0x000000000a260000)]
  0x00000000099b9800 JavaThread "AWT-Shutdown" [_thread_blocked, id=1540, stack(0x000000000a060000,0x000000000a160000)]
  0x00000000099af800 JavaThread "Java2D Disposer" daemon [_thread_blocked, id=6236, stack(0x0000000009f60000,0x000000000a060000)]
  0x00000000098b3800 JavaThread "Service Thread" daemon [_thread_blocked, id=4904, stack(0x0000000009c70000,0x0000000009d70000)]
  0x0000000007d52000 JavaThread "C1 CompilerThread2" daemon [_thread_blocked, id=6912, stack(0x0000000009770000,0x0000000009870000)]
  0x0000000007d51000 JavaThread "C2 CompilerThread1" daemon [_thread_blocked, id=6720, stack(0x0000000009670000,0x0000000009770000)]
  0x0000000007d4a000 JavaThread "C2 CompilerThread0" daemon [_thread_blocked, id=5996, stack(0x0000000009570000,0x0000000009670000)]
  0x0000000007d39000 JavaThread "JDWP Command Reader" daemon [_thread_in_native, id=5212, stack(0x0000000009470000,0x0000000009570000)]
  0x0000000007d34800 JavaThread "JDWP Event Helper Thread" daemon [_thread_blocked, id=6240, stack(0x0000000009370000,0x0000000009470000)]
=>0x0000000007d1f800 JavaThread "JDWP Transport Listener: dt_shmem" daemon [_thread_in_vm, id=4356, stack(0x0000000009270000,0x0000000009370000)]
  0x0000000007d29000 JavaThread "Attach Listener" daemon [_thread_blocked, id=308, stack(0x0000000009170000,0x0000000009270000)]
  0x0000000007d26000 JavaThread "Signal Dispatcher" daemon [_thread_blocked, id=5228, stack(0x0000000009070000,0x0000000009170000)]
  0x00000000021c4000 JavaThread "Finalizer" daemon [_thread_blocked, id=5604, stack(0x0000000008f70000,0x0000000009070000)]
  0x00000000021ba800 JavaThread "Reference Handler" daemon [_thread_blocked, id=2944, stack(0x0000000008e70000,0x0000000008f70000)]

Other Threads:
  0x0000000007ce5800 VMThread [stack: 0x0000000008d70000,0x0000000008e70000] [id=6432]
  0x00000000098d5000 WatcherThread [stack: 0x0000000009d70000,0x0000000009e70000] [id=3508]

VM state:not at safepoint (normal execution)

VM Mutex/Monitor currently owned by a thread: None

Heap:
 PSYoungGen      total 3584K, used 2016K [0x00000000d5d80000, 0x00000000d6280000, 0x0000000100000000)
  eden space 2048K, 60% used [0x00000000d5d80000,0x00000000d5eb41b0,0x00000000d5f80000)
  from space 1536K, 51% used [0x00000000d6100000,0x00000000d61c4010,0x00000000d6280000)
  to   space 1536K, 0% used [0x00000000d5f80000,0x00000000d5f80000,0x00000000d6100000)
 ParOldGen       total 129536K, used 1041K [0x0000000081800000, 0x0000000089680000, 0x00000000d5d80000)
  object space 129536K, 0% used [0x0000000081800000,0x00000000819044b0,0x0000000089680000)
 Metaspace       used 11197K, capacity 11252K, committed 11520K, reserved 1058816K
  class space    used 1462K, capacity 1486K, committed 1536K, reserved 1048576K

Card table byte_map: [0x0000000002590000,0x0000000002990000] byte_map_base: 0x0000000002184000

Marking Bits: (ParMarkBitMap*) 0x0000000056ce13b0
 Begin Bits: [0x0000000003040000, 0x0000000004fe0000)
 End Bits:   [0x0000000004fe0000, 0x0000000006f80000)

Polling page: 0x0000000000790000

CodeCache: size=245760Kb used=2602Kb max_used=2602Kb free=243157Kb
 bounds [0x000000000f010000, 0x000000000f2a0000, 0x000000001e010000]
 total_blobs=1133 nmethods=655 adapters=400
 compilation: enabled

Compilation events (10 events):
Event: 15.807 Thread 0x0000000007d52000  649       3       java.util.ArrayList::toArray (60 bytes)
Event: 15.808 Thread 0x0000000007d52000 nmethod 649 0x000000000f299bd0 code [0x000000000f299d60, 0x000000000f29a318]
Event: 24.337 Thread 0x0000000007d52000  653       3       sun.java2d.d3d.D3DSurfaceData$D3DWindowSurfaceData::isDirty (18 bytes)
Event: 24.338 Thread 0x0000000007d52000 nmethod 653 0x000000000f29af10 code [0x000000000f29b080, 0x000000000f29b308]
Event: 24.338 Thread 0x0000000007d52000  654       3       sun.java2d.StateTrackableDelegate$1::isCurrent (17 bytes)
Event: 24.338 Thread 0x0000000007d52000 nmethod 654 0x000000000f29b3d0 code [0x000000000f29b520, 0x000000000f29b6d0]
Event: 26.901 Thread 0x0000000007d52000  655       3       org.netbeans.modules.debugger.jpda.visual.remote.RemoteAWTService::access$000 (4 bytes)
Event: 26.901 Thread 0x0000000007d52000 nmethod 655 0x000000000f29b790 code [0x000000000f29b8e0, 0x000000000f29ba10]
Event: 26.901 Thread 0x0000000007d52000  656       3       org.netbeans.modules.debugger.jpda.visual.remote.RemoteAWTService::access$100 (4 bytes)
Event: 26.902 Thread 0x0000000007d52000 nmethod 656 0x000000000f29ba90 code [0x000000000f29bbe0, 0x000000000f29bd10]

GC Heap History (10 events):
Event: 1.101 GC heap before
{Heap before GC invocations=2 (full 0):
 PSYoungGen      total 1024K, used 912K [0x00000000d5d80000, 0x00000000d5f00000, 0x0000000100000000)
  eden space 512K, 100% used [0x00000000d5d80000,0x00000000d5e00000,0x00000000d5e00000)
  from space 512K, 78% used [0x00000000d5e00000,0x00000000d5e64010,0x00000000d5e80000)
  to   space 512K, 0% used [0x00000000d5e80000,0x00000000d5e80000,0x00000000d5f00000)
 ParOldGen       total 129536K, used 8K [0x0000000081800000, 0x0000000089680000, 0x00000000d5d80000)
  object space 129536K, 0% used [0x0000000081800000,0x0000000081802000,0x0000000089680000)
 Metaspace       used 5000K, capacity 5114K, committed 5248K, reserved 1056768K
  class space    used 561K, capacity 618K, committed 640K, reserved 1048576K
Event: 1.103 GC heap after
Heap after GC invocations=2 (full 0):
 PSYoungGen      total 1024K, used 512K [0x00000000d5d80000, 0x00000000d5f00000, 0x0000000100000000)
  eden space 512K, 0% used [0x00000000d5d80000,0x00000000d5d80000,0x00000000d5e00000)
  from space 512K, 100% used [0x00000000d5e80000,0x00000000d5f00000,0x00000000d5f00000)
  to   space 512K, 0% used [0x00000000d5e00000,0x00000000d5e00000,0x00000000d5e80000)
 ParOldGen       total 129536K, used 188K [0x0000000081800000, 0x0000000089680000, 0x00000000d5d80000)
  object space 129536K, 0% used [0x0000000081800000,0x000000008182f328,0x0000000089680000)
 Metaspace       used 5000K, capacity 5114K, committed 5248K, reserved 1056768K
  class space    used 561K, capacity 618K, committed 640K, reserved 1048576K
}
Event: 1.189 GC heap before
{Heap before GC invocations=3 (full 0):
 PSYoungGen      total 1024K, used 1024K [0x00000000d5d80000, 0x00000000d5f00000, 0x0000000100000000)
  eden space 512K, 100% used [0x00000000d5d80000,0x00000000d5e00000,0x00000000d5e00000)
  from space 512K, 100% used [0x00000000d5e80000,0x00000000d5f00000,0x00000000d5f00000)
  to   space 512K, 0% used [0x00000000d5e00000,0x00000000d5e00000,0x00000000d5e80000)
 ParOldGen       total 129536K, used 188K [0x0000000081800000, 0x0000000089680000, 0x00000000d5d80000)
  object space 129536K, 0% used [0x0000000081800000,0x000000008182f328,0x0000000089680000)
 Metaspace       used 6963K, capacity 7066K, committed 7424K, reserved 1056768K
  class space    used 868K, capacity 906K, committed 1024K, reserved 1048576K
Event: 1.194 GC heap after
Heap after GC invocations=3 (full 0):
 PSYoungGen      total 1024K, used 512K [0x00000000d5d80000, 0x00000000d5f80000, 0x0000000100000000)
  eden space 512K, 0% used [0x00000000d5d80000,0x00000000d5d80000,0x00000000d5e00000)
  from space 512K, 100% used [0x00000000d5e00000,0x00000000d5e80000,0x00000000d5e80000)
  to   space 512K, 0% used [0x00000000d5f00000,0x00000000d5f00000,0x00000000d5f80000)
 ParOldGen       total 129536K, used 372K [0x0000000081800000, 0x0000000089680000, 0x00000000d5d80000)
  object space 129536K, 0% used [0x0000000081800000,0x000000008185d328,0x0000000089680000)
 Metaspace       used 6963K, capacity 7066K, committed 7424K, reserved 1056768K
  class space    used 868K, capacity 906K, committed 1024K, reserved 1048576K
}
Event: 1.425 GC heap before
{Heap before GC invocations=4 (full 0):
 PSYoungGen      total 1024K, used 1024K [0x00000000d5d80000, 0x00000000d5f80000, 0x0000000100000000)
  eden space 512K, 100% used [0x00000000d5d80000,0x00000000d5e00000,0x00000000d5e00000)
  from space 512K, 100% used [0x00000000d5e00000,0x00000000d5e80000,0x00000000d5e80000)
  to   space 512K, 0% used [0x00000000d5f00000,0x00000000d5f00000,0x00000000d5f80000)
 ParOldGen       total 129536K, used 372K [0x0000000081800000, 0x0000000089680000, 0x00000000d5d80000)
  object space 129536K, 0% used [0x0000000081800000,0x000000008185d328,0x0000000089680000)
 Metaspace       used 7544K, capacity 7682K, committed 7936K, reserved 1056768K
  class space    used 958K, capacity 1002K, committed 1024K, reserved 1048576K
Event: 1.428 GC heap after
Heap after GC invocations=4 (full 0):
 PSYoungGen      total 1536K, used 512K [0x00000000d5d80000, 0x00000000d5f80000, 0x0000000100000000)
  eden space 1024K, 0% used [0x00000000d5d80000,0x00000000d5d80000,0x00000000d5e80000)
  from space 512K, 100% used [0x00000000d5f00000,0x00000000d5f80000,0x00000000d5f80000)
  to   space 512K, 0% used [0x00000000d5e80000,0x00000000d5e80000,0x00000000d5f00000)
 ParOldGen       total 129536K, used 712K [0x0000000081800000, 0x0000000089680000, 0x00000000d5d80000)
  object space 129536K, 0% used [0x0000000081800000,0x00000000818b2338,0x0000000089680000)
 Metaspace       used 7544K, capacity 7682K, committed 7936K, reserved 1056768K
  class space    used 958K, capacity 1002K, committed 1024K, reserved 1048576K
}
Event: 1.473 GC heap before
{Heap before GC invocations=5 (full 0):
 PSYoungGen      total 1536K, used 1536K [0x00000000d5d80000, 0x00000000d5f80000, 0x0000000100000000)
  eden space 1024K, 100% used [0x00000000d5d80000,0x00000000d5e80000,0x00000000d5e80000)
  from space 512K, 100% used [0x00000000d5f00000,0x00000000d5f80000,0x00000000d5f80000)
  to   space 512K, 0% used [0x00000000d5e80000,0x00000000d5e80000,0x00000000d5f00000)
 ParOldGen       total 129536K, used 712K [0x0000000081800000, 0x0000000089680000, 0x00000000d5d80000)
  object space 129536K, 0% used [0x0000000081800000,0x00000000818b2338,0x0000000089680000)
 Metaspace       used 8058K, capacity 8200K, committed 8320K, reserved 1056768K
  class space    used 1022K, capacity 1068K, committed 1152K, reserved 1048576K
Event: 1.475 GC heap after
Heap after GC invocations=5 (full 0):
 PSYoungGen      total 1536K, used 512K [0x00000000d5d80000, 0x00000000d6280000, 0x0000000100000000)
  eden space 1024K, 0% used [0x00000000d5d80000,0x00000000d5d80000,0x00000000d5e80000)
  from space 512K, 100% used [0x00000000d5e80000,0x00000000d5f00000,0x00000000d5f00000)
  to   space 1536K, 0% used [0x00000000d6100000,0x00000000d6100000,0x00000000d6280000)
 ParOldGen       total 129536K, used 1033K [0x0000000081800000, 0x0000000089680000, 0x00000000d5d80000)
  object space 129536K, 0% used [0x0000000081800000,0x00000000819024b0,0x0000000089680000)
 Metaspace       used 8058K, capacity 8200K, committed 8320K, reserved 1056768K
  class space    used 1022K, capacity 1068K, committed 1152K, reserved 1048576K
}
Event: 1.545 GC heap before
{Heap before GC invocations=6 (full 0):
 PSYoungGen      total 1536K, used 1532K [0x00000000d5d80000, 0x00000000d6280000, 0x0000000100000000)
  eden space 1024K, 99% used [0x00000000d5d80000,0x00000000d5e7f1b0,0x00000000d5e80000)
  from space 512K, 100% used [0x00000000d5e80000,0x00000000d5f00000,0x00000000d5f00000)
  to   space 1536K, 0% used [0x00000000d6100000,0x00000000d6100000,0x00000000d6280000)
 ParOldGen       total 129536K, used 1033K [0x0000000081800000, 0x0000000089680000, 0x00000000d5d80000)
  object space 129536K, 0% used [0x0000000081800000,0x00000000819024b0,0x0000000089680000)
 Metaspace       used 9113K, capacity 9230K, committed 9472K, reserved 1056768K
  class space    used 1167K, capacity 1197K, committed 1280K, reserved 1048576K
Event: 1.547 GC heap after
Heap after GC invocations=6 (full 0):
 PSYoungGen      total 3584K, used 784K [0x00000000d5d80000, 0x00000000d6280000, 0x0000000100000000)
  eden space 2048K, 0% used [0x00000000d5d80000,0x00000000d5d80000,0x00000000d5f80000)
  from space 1536K, 51% used [0x00000000d6100000,0x00000000d61c4010,0x00000000d6280000)
  to   space 1536K, 0% used [0x00000000d5f80000,0x00000000d5f80000,0x00000000d6100000)
 ParOldGen       total 129536K, used 1041K [0x0000000081800000, 0x0000000089680000, 0x00000000d5d80000)
  object space 129536K, 0% used [0x0000000081800000,0x00000000819044b0,0x0000000089680000)
 Metaspace       used 9113K, capacity 9230K, committed 9472K, reserved 1056768K
  class space    used 1167K, capacity 1197K, committed 1280K, reserved 1048576K
}

Deoptimization events (4 events):
Event: 3.804 Thread 0x0000000009b1d000 Uncommon trap: reason=class_check action=maybe_recompile pc=0x000000000f18f3d8 method=java.lang.String.equals(Ljava/lang/Object;)Z @ 8
Event: 3.804 Thread 0x0000000009b1d000 Uncommon trap: reason=class_check action=maybe_recompile pc=0x000000000f18f3d8 method=java.lang.String.equals(Ljava/lang/Object;)Z @ 8
Event: 4.451 Thread 0x0000000009b1d000 Uncommon trap: reason=class_check action=maybe_recompile pc=0x000000000f18f3d8 method=java.lang.String.equals(Ljava/lang/Object;)Z @ 8
Event: 4.451 Thread 0x0000000009b1d000 Uncommon trap: reason=class_check action=maybe_recompile pc=0x000000000f18f3d8 method=java.lang.String.equals(Ljava/lang/Object;)Z @ 8

Internal exceptions (10 events):
Event: 1.682 Thread 0x0000000009b1d000 Exception <a 'java/security/PrivilegedActionException'> (0x00000000d5dc6140) thrown at [D:\re\workspace\8-2-build-windows-amd64-cygwin\jdk8\2238\hotspot\src\share\vm\prims\jvm.cpp, line 1248]
Event: 4.959 Thread 0x0000000009b1d000 Exception <a 'java/security/PrivilegedActionException'> (0x00000000d5e77cd0) thrown at [D:\re\workspace\8-2-build-windows-amd64-cygwin\jdk8\2238\hotspot\src\share\vm\prims\jvm.cpp, line 1248]
Event: 4.962 Thread 0x0000000009b1d000 Exception <a 'java/security/PrivilegedActionException'> (0x00000000d5e7c618) thrown at [D:\re\workspace\8-2-build-windows-amd64-cygwin\jdk8\2238\hotspot\src\share\vm\prims\jvm.cpp, line 1248]
Event: 4.963 Thread 0x0000000009b1d000 Exception <a 'java/security/PrivilegedActionException'> (0x00000000d5e7e9c0) thrown at [D:\re\workspace\8-2-build-windows-amd64-cygwin\jdk8\2238\hotspot\src\share\vm\prims\jvm.cpp, line 1248]
Event: 4.965 Thread 0x0000000009b1d000 Exception <a 'java/security/PrivilegedActionException'> (0x00000000d5e81f08) thrown at [D:\re\workspace\8-2-build-windows-amd64-cygwin\jdk8\2238\hotspot\src\share\vm\prims\jvm.cpp, line 1248]
Event: 9.206 Thread 0x0000000009b1d000 Exception <a 'java/security/PrivilegedActionException'> (0x00000000d5e84e18) thrown at [D:\re\workspace\8-2-build-windows-amd64-cygwin\jdk8\2238\hotspot\src\share\vm\prims\jvm.cpp, line 1248]
Event: 9.215 Thread 0x0000000009b1d000 Exception <a 'java/security/PrivilegedActionException'> (0x00000000d5e885f8) thrown at [D:\re\workspace\8-2-build-windows-amd64-cygwin\jdk8\2238\hotspot\src\share\vm\prims\jvm.cpp, line 1248]
Event: 9.215 Thread 0x0000000009b1d000 Exception <a 'java/lang/NoClassDefFoundError': storage/StorageFactory> (0x00000000d5e88b28) thrown at [D:\re\workspace\8-2-build-windows-amd64-cygwin\jdk8\2238\hotspot\src\share\vm\classfile\systemDictionary.cpp, line 191]
Event: 10.864 Thread 0x0000000009b1d000 Exception <a 'java/lang/NoClassDefFoundError'> (0x00000000d5e88b28) thrown at [D:\re\workspace\8-2-build-windows-amd64-cygwin\jdk8\2238\hotspot\src\share\vm\prims\jvm.cpp, line 1252]
Event: 10.865 Thread 0x0000000009b1d000 Exception <a 'java/lang/NoClassDefFoundError'> (0x00000000d5e88b28) thrown at [D:\re\workspace\8-2-build-windows-amd64-cygwin\jdk8\2238\hotspot\src\share\vm\prims\jvm.cpp, line 1252]

Events (10 events):
Event: 10.864 Thread 0x0000000009b1d000 DEOPT PACKING pc=0x000000000f25e994 sp=0x000000000a4dbc00
Event: 10.864 Thread 0x0000000009b1d000 DEOPT UNPACKING pc=0x000000000f057604 sp=0x000000000a4db930 mode 1
Event: 10.864 Thread 0x0000000009b1d000 DEOPT PACKING pc=0x000000000f20f17c sp=0x000000000a4dc7e0
Event: 10.864 Thread 0x0000000009b1d000 DEOPT UNPACKING pc=0x000000000f057604 sp=0x000000000a4dc560 mode 1
Event: 10.865 Thread 0x0000000009b1d000 DEOPT PACKING pc=0x000000000f25c1f4 sp=0x000000000a4dd540
Event: 10.865 Thread 0x0000000009b1d000 DEOPT UNPACKING pc=0x000000000f057604 sp=0x000000000a4dd288 mode 1
Event: 10.865 loading class java/lang/Throwable$WrappedPrintStream
Event: 10.865 loading class java/lang/Throwable$WrappedPrintStream done
Event: 10.885 loading class java/awt/LightweightDispatcher$2
Event: 10.885 loading class java/awt/LightweightDispatcher$2 done


Dynamic libraries:
0x00007ff605b00000 - 0x00007ff605b34000 	C:\Program Files\Java\jdk1.8.0\bin\java.exe
0x00007ffeea0d0000 - 0x00007ffeea276000 	C:\Windows\SYSTEM32\ntdll.dll
0x00007ffee9ef0000 - 0x00007ffeea02a000 	C:\Windows\system32\KERNEL32.DLL
0x00007ffee7510000 - 0x00007ffee761f000 	C:\Windows\system32\KERNELBASE.dll
0x00007ffee6010000 - 0x00007ffee6098000 	C:\Windows\system32\apphelp.dll
0x00007ffed0b70000 - 0x00007ffed0bbf000 	C:\Windows\AppPatch\AppPatch64\AcGenral.DLL
0x00007ffee7ad0000 - 0x00007ffee7b77000 	C:\Windows\system32\msvcrt.dll
0x00007ffee7240000 - 0x00007ffee726b000 	C:\Windows\SYSTEM32\SspiCli.dll
0x00007ffee7b90000 - 0x00007ffee7be1000 	C:\Windows\system32\SHLWAPI.dll
0x00007ffee7950000 - 0x00007ffee7ac1000 	C:\Windows\system32\USER32.dll
0x00007ffee9ae0000 - 0x00007ffee9c58000 	C:\Windows\system32\ole32.dll
0x00007ffee84f0000 - 0x00007ffee98ff000 	C:\Windows\system32\SHELL32.dll
0x00007ffee6b30000 - 0x00007ffee6b4e000 	C:\Windows\SYSTEM32\USERENV.dll
0x00007ffee9960000 - 0x00007ffee9a05000 	C:\Windows\system32\ADVAPI32.dll
0x00007ffed74f0000 - 0x00007ffed750b000 	C:\Windows\SYSTEM32\MPR.dll
0x00007ffee9db0000 - 0x00007ffee9ee7000 	C:\Windows\system32\RPCRT4.dll
0x00007ffee9900000 - 0x00007ffee9957000 	C:\Windows\SYSTEM32\sechost.dll
0x00007ffee82b0000 - 0x00007ffee8486000 	C:\Windows\SYSTEM32\combase.dll
0x00007ffee9c60000 - 0x00007ffee9da4000 	C:\Windows\system32\GDI32.dll
0x00007ffee7440000 - 0x00007ffee7454000 	C:\Windows\SYSTEM32\profapi.dll
0x00007ffee5cc0000 - 0x00007ffee5d5f000 	C:\Windows\SYSTEM32\SHCORE.dll
0x00007ffee9a30000 - 0x00007ffee9a64000 	C:\Windows\system32\IMM32.DLL
0x00007ffee7e40000 - 0x00007ffee7f79000 	C:\Windows\system32\MSCTF.dll
0x00007ffee73f0000 - 0x00007ffee7421000 	C:\Windows\system32\nvinitx.dll
0x000000000f000000 - 0x000000000f006000 	C:\Program Files\NVIDIA Corporation\CoProcManager\_etoured.dll
0x00007ffee5450000 - 0x00007ffee5482000 	C:\Program Files\NVIDIA Corporation\CoProcManager\nvd3d9wrapx.dll
0x00007ffee7c60000 - 0x00007ffee7e34000 	C:\Windows\system32\SETUPAPI.dll
0x00007ffee7620000 - 0x00007ffee766a000 	C:\Windows\system32\CFGMGR32.dll
0x00007ffee5420000 - 0x00007ffee5442000 	C:\Program Files\NVIDIA Corporation\CoProcManager\nvdxgiwrapx.dll
0x00007ffee55f0000 - 0x00007ffee584a000 	C:\Windows\WinSxS\amd64_microsoft.windows.common-controls_6595b64144ccf1df_6.0.9600.17031_none_6242a4b3ecbb55a1\COMCTL32.dll
0x0000000056450000 - 0x0000000056522000 	C:\Program Files\Java\jdk1.8.0\jre\bin\msvcr100.dll
0x0000000056530000 - 0x0000000056d5a000 	C:\Program Files\Java\jdk1.8.0\jre\bin\server\jvm.dll
0x00007ffed7360000 - 0x00007ffed7369000 	C:\Windows\SYSTEM32\WSOCK32.dll
0x00007ffee4840000 - 0x00007ffee485f000 	C:\Windows\SYSTEM32\WINMM.dll
0x00007ffee8050000 - 0x00007ffee8057000 	C:\Windows\system32\PSAPI.DLL
0x00007ffee7bf0000 - 0x00007ffee7c48000 	C:\Windows\system32\WS2_32.dll
0x00007ffee4810000 - 0x00007ffee483a000 	C:\Windows\SYSTEM32\WINMMBASE.dll
0x00007ffee9ad0000 - 0x00007ffee9ad9000 	C:\Windows\system32\NSI.dll
0x00007ffee6290000 - 0x00007ffee62b6000 	C:\Windows\SYSTEM32\DEVOBJ.dll
0x0000000056400000 - 0x000000005640f000 	C:\Program Files\Java\jdk1.8.0\jre\bin\verify.dll
0x00000000563d0000 - 0x00000000563f8000 	C:\Program Files\Java\jdk1.8.0\jre\bin\java.dll
0x0000000055740000 - 0x0000000055775000 	C:\Program Files\Java\jdk1.8.0\jre\bin\jdwp.dll
0x0000000055730000 - 0x0000000055738000 	C:\Program Files\Java\jdk1.8.0\jre\bin\npt.dll
0x00000000563b0000 - 0x00000000563c6000 	C:\Program Files\Java\jdk1.8.0\jre\bin\zip.dll
0x0000000055780000 - 0x000000005578b000 	C:\Program Files\Java\jdk1.8.0\jre\bin\dt_shmem.dll
0x00000000561d0000 - 0x0000000056366000 	C:\Program Files\Java\jdk1.8.0\jre\bin\awt.dll
0x00007ffee7f80000 - 0x00007ffee8041000 	C:\Windows\system32\OLEAUT32.dll
0x00007ffee60e0000 - 0x00007ffee6201000 	C:\Windows\system32\uxtheme.dll
0x00007ffee5af0000 - 0x00007ffee5b10000 	C:\Windows\system32\dwmapi.dll
0x00007ffee6260000 - 0x00007ffee626a000 	C:\Windows\SYSTEM32\kernel.appcore.dll
0x00007ffee72d0000 - 0x00007ffee72da000 	C:\Windows\SYSTEM32\CRYPTBASE.dll
0x00007ffee7270000 - 0x00007ffee72d0000 	C:\Windows\SYSTEM32\bcryptPrimitives.dll
0x0000000056180000 - 0x00000000561c7000 	C:\Program Files\Java\jdk1.8.0\jre\bin\fontmanager.dll
0x00007ffed83c0000 - 0x00007ffed85c8000 	C:\Windows\system32\d3d9.dll
0x00007ffee2160000 - 0x00007ffee216a000 	C:\Windows\SYSTEM32\VERSION.dll
0x00007ffee4530000 - 0x00007ffee462c000 	C:\Windows\SYSTEM32\nvumdshimx.dll
0x00007ffec9730000 - 0x00007ffeca6f7000 	C:\Windows\system32\igdumdim64.dll
0x00007ffee2fe0000 - 0x00007ffee3440000 	C:\Windows\SYSTEM32\igdusc64.dll
0x00007ffeda3f0000 - 0x00007ffeda42f000 	C:\Program Files\Lenovo\Bluetooth Software\btmmhook.dll
0x00007ffee8200000 - 0x00007ffee82a4000 	C:\Windows\SYSTEM32\clbcatq.dll
0x00007ffee51b0000 - 0x00007ffee535e000 	C:\Windows\SYSTEM32\WindowsCodecs.dll
0x00007ffee6d90000 - 0x00007ffee6dae000 	C:\Windows\SYSTEM32\CRYPTSP.dll
0x00007ffee6940000 - 0x00007ffee6975000 	C:\Windows\system32\rsaenh.dll
0x00007ffee6ee0000 - 0x00007ffee6f06000 	C:\Windows\SYSTEM32\bcrypt.dll
0x0000000056390000 - 0x00000000563aa000 	C:\Program Files\Java\jdk1.8.0\jre\bin\net.dll
0x00007ffee6d30000 - 0x00007ffee6d88000 	C:\Windows\system32\mswsock.dll
0x0000000056370000 - 0x0000000056381000 	C:\Program Files\Java\jdk1.8.0\jre\bin\nio.dll
0x0000000056130000 - 0x0000000056171000 	C:\Program Files\Java\jdk1.8.0\jre\bin\t2k.dll
0x00000000560f0000 - 0x000000005611a000 	C:\Program Files\Java\jdk1.8.0\jre\bin\dcpr.dll
0x00007ffee16c0000 - 0x00007ffee1848000 	C:\Windows\SYSTEM32\dbghelp.dll

VM Arguments:
jvm_args: -Xdebug -Xrunjdwp:transport=dt_shmem,address=javadebug -Dfile.encoding=UTF-8 
java_command: gui.LoginDialog
java_class_path (initial): C:\Users\Honza\Documents\NetBeansProjects\Bank-Mappers\build\classes;C:\Users\Honza\Documents\NetBeansProjects\Bank-domain\build\classes;C:\Users\Honza\Documents\NetBeansProjects\VIS-Project\build\classes
Launcher Type: SUN_STANDARD

Environment Variables:
PATH=C:\Program Files (x86)\NVIDIA Corporation\PhysX\Common;C:\app\Honza\product\12.1.0\client_1;C:\app\Honza\product\12.1.0\client_1\bin;C:\app\Honza\product\12.1.0\dbhome_1\bin;C:\Windows\system32;C:\Windows;C:\Windows\System32\Wbem;C:\Windows\System32\WindowsPowerShell\v1.0\;C:\Program Files\Lenovo\Bluetooth Software\;C:\Program Files\Lenovo\Bluetooth Software\syswow64;C:\Program Files\Microsoft SQL Server\110\Tools\Binn\;C:\Program Files (x86)\Windows Kits\8.1\Windows Performance Toolkit\;C:\Program Files (x86)\Visual Leak Detector\bin\Win32;C:\Program Files (x86)\Visual Leak Detector\bin\Win64;C:\nodejs\;C:\Program Files (x86)\Git\cmd;C:\Program Files (x86)\LLVM\bin;C:\Program Files (x86)\LLVM\bin\libclang.dll;C:\Program Files (x86)\Microsoft SDKs\TypeScript\1.0\;C:\Program Files\Intel\WiFi\bin\;C:\Program Files\Common Files\Intel\WirelessCommon\;C:\Users\Honza\AppData\Roaming\npm;C:\Program Files\Intel\WiFi\bin\;C:\Program Files\Common Files\Intel\WirelessCommon\
USERNAME=Honza
OS=Windows_NT
PROCESSOR_IDENTIFIER=Intel64 Family 6 Model 58 Stepping 9, GenuineIntel



---------------  S Y S T E M  ---------------

OS: Windows 8.1 , 64 bit Build 9600 

CPU:total 4 (2 cores per cpu, 2 threads per core) family 6 model 58 stepping 9, cmov, cx8, fxsr, mmx, sse, sse2, sse3, ssse3, sse4.1, sse4.2, popcnt, avx, aes, clmul, erms, ht, tsc, tscinvbit

Memory: 4k page, physical 8288616k(3924352k free), swap 16677224k(10781864k free)

vm_info: Java HotSpot(TM) 64-Bit Server VM (25.0-b70) for windows-amd64 JRE (1.8.0-b132), built on Mar  4 2014 03:46:18 by "java_re" with MS VC++ 10.0 (VS2010)

time: Wed Dec 10 17:46:19 2014
elapsed time: 35 seconds

